<?xml version="1.0" encoding="UTF-8"?>
<!-- Generated by org.testng.reporters.JUnitXMLReporter -->
<testsuite ignored="0" hostname="Zainaya" failures="0" tests="10" name="chromeTest" time="138.741" errors="0" timestamp="2025-02-17T14:29:40 PST">
  <testcase classname="testCases.TC01_LaunchApplication" name="testLaunchApplication" time="1.507"/>
  <testcase classname="testCases.TC06_PurchaseAGiftCertificate" name="testPurchaseAGiftCertificate" time="4.809"/>
  <testcase classname="testCases.TC03_AddToCart" name="testAddToCart" time="2.453"/>
  <testcase classname="testCases.TC02_Login" name="testLogin" time="3.381"/>
  <testcase classname="testCases.TC02_Login" name="testLogin" time="4.115"/>
  <testcase classname="testCases.TC02_Login" name="testLogin" time="4.372"/>
  <testcase classname="testCases.TC02_Login" name="testLogin" time="4.487"/>
  <testcase classname="testCases.TC02_Login" name="testLogin" time="3.818"/>
  <testcase classname="testCases.TC05_AddAnItemToWishList" name="testAddToWishList" time="2.396"/>
  <testcase classname="testCases.TC04_CompletePurchase" name="testCompletePurchase" time="72.13"/>
</testsuite> <!-- chromeTest -->
