<?xml version="1.0" encoding="UTF-8"?>
<!-- Generated by org.testng.reporters.JUnitXMLReporter -->
<testsuite ignored="0" hostname="Zainaya" failures="0" tests="10" name="edgeTest" time="147.321" errors="0" timestamp="2025-02-17T14:29:47 PST">
  <testcase classname="testCases.TC01_LaunchApplication" name="testLaunchApplication" time="0.223"/>
  <testcase classname="testCases.TC06_PurchaseAGiftCertificate" name="testPurchaseAGiftCertificate" time="3.846"/>
  <testcase classname="testCases.TC03_AddToCart" name="testAddToCart" time="3.406"/>
  <testcase classname="testCases.TC02_Login" name="testLogin" time="4.114"/>
  <testcase classname="testCases.TC02_Login" name="testLogin" time="4.55"/>
  <testcase classname="testCases.TC02_Login" name="testLogin" time="3.203"/>
  <testcase classname="testCases.TC02_Login" name="testLogin" time="3.318"/>
  <testcase classname="testCases.TC02_Login" name="testLogin" time="3.077"/>
  <testcase classname="testCases.TC05_AddAnItemToWishList" name="testAddToWishList" time="2.212"/>
  <testcase classname="testCases.TC04_CompletePurchase" name="testCompletePurchase" time="71.92"/>
</testsuite> <!-- edgeTest -->
