<?xml version="1.0" encoding="UTF-8"?>
<!-- Generated by org.testng.reporters.JUnitXMLReporter -->
<testsuite ignored="0" hostname="Zainaya" failures="0" tests="10" name="firefoxTest" time="157.035" errors="0" timestamp="2025-02-17T14:29:57 PST">
  <testcase classname="testCases.TC01_LaunchApplication" name="testLaunchApplication" time="0.071"/>
  <testcase classname="testCases.TC06_PurchaseAGiftCertificate" name="testPurchaseAGiftCertificate" time="2.347"/>
  <testcase classname="testCases.TC03_AddToCart" name="testAddToCart" time="2.338"/>
  <testcase classname="testCases.TC02_Login" name="testLogin" time="4.213"/>
  <testcase classname="testCases.TC02_Login" name="testLogin" time="3.201"/>
  <testcase classname="testCases.TC02_Login" name="testLogin" time="3.013"/>
  <testcase classname="testCases.TC02_Login" name="testLogin" time="2.72"/>
  <testcase classname="testCases.TC02_Login" name="testLogin" time="2.966"/>
  <testcase classname="testCases.TC05_AddAnItemToWishList" name="testAddToWishList" time="2.294"/>
  <testcase classname="testCases.TC04_CompletePurchase" name="testCompletePurchase" time="70.816"/>
</testsuite> <!-- firefoxTest -->
