<?xml version="1.0" encoding="UTF-8"?>
<!-- Generated by org.testng.reporters.JUnitXMLReporter -->
<testsuite ignored="0" hostname="Zainaya" failures="0" tests="10" name="edgeTest" time="201.472" errors="0" timestamp="2025-02-17T17:59:19 PST">
  <testcase classname="testCases.TC01_LaunchApplication" name="testLaunchApplication" time="0.288"/>
  <testcase classname="testCases.TC06_PurchaseAGiftCertificate" name="testPurchaseAGiftCertificate" time="7.35"/>
  <testcase classname="testCases.TC03_AddToCart" name="testAddToCart" time="8.677"/>
  <testcase classname="testCases.TC02_Login" name="testLogin" time="4.731"/>
  <testcase classname="testCases.TC02_Login" name="testLogin" time="5.089"/>
  <testcase classname="testCases.TC02_Login" name="testLogin" time="4.765"/>
  <testcase classname="testCases.TC02_Login" name="testLogin" time="5.436"/>
  <testcase classname="testCases.TC02_Login" name="testLogin" time="5.164"/>
  <testcase classname="testCases.TC05_AddAnItemToWishList" name="testAddToWishList" time="5.14"/>
  <testcase classname="testCases.TC04_CompletePurchase" name="testCompletePurchase" time="75.713"/>
</testsuite> <!-- edgeTest -->
